<?xml version="1.0" encoding="UTF-8"?>
<testng-results ignored="0" total="6" passed="6" failed="0" skipped="0">
  <reporter-output>
  </reporter-output>
  <suite started-at="2024-06-22T12:12:22 IST" name="Default suite" finished-at="2024-06-22T12:12:52 IST" duration-ms="29817">
    <groups>
      <group name="cucumber">
        <method signature="AbstractTestNGCucumberTests.runScenario(io.cucumber.testng.PickleWrapper,io.cucumber.testng.FeatureWrapper)[pri:0, instance:RunnerFile.TestngRunnerFile@6fa51cd4]" name="runScenario" class="io.cucumber.testng.AbstractTestNGCucumberTests"/>
      </group> <!-- cucumber -->
    </groups>
    <test started-at="2024-06-22T12:12:22 IST" name="Default test" finished-at="2024-06-22T12:12:52 IST" duration-ms="29817">
      <class name="RunnerFile.TestngRunnerFile">
        <test-method is-config="true" signature="setUpClass(org.testng.ITestContext)[pri:0, instance:RunnerFile.TestngRunnerFile@6fa51cd4]" started-at="2024-06-22T12:12:22 IST" name="setUpClass" finished-at="2024-06-22T12:12:22 IST" duration-ms="638" status="PASS">
          <params>
            <param index="0">
              <value>
                <![CDATA[org.testng.TestRunner@214894fc]]>
              </value>
            </param>
          </params>
          <reporter-output>
          </reporter-output>
        </test-method> <!-- setUpClass -->
        <test-method signature="runScenario(io.cucumber.testng.PickleWrapper,io.cucumber.testng.FeatureWrapper)[pri:0, instance:RunnerFile.TestngRunnerFile@6fa51cd4]" started-at="2024-06-22T12:12:22 IST" name="runScenario" description="Runs Cucumber Scenarios" data-provider="scenarios" finished-at="2024-06-22T12:12:37 IST" duration-ms="14727" status="PASS">
          <params>
            <param index="0">
              <value>
                <![CDATA["Login to Vtiger application with invalid username and valid password."]]>
              </value>
            </param>
            <param index="1">
              <value>
                <![CDATA["Login Feature"]]>
              </value>
            </param>
          </params>
          <reporter-output>
          </reporter-output>
        </test-method> <!-- runScenario -->
        <test-method signature="runScenario(io.cucumber.testng.PickleWrapper,io.cucumber.testng.FeatureWrapper)[pri:0, instance:RunnerFile.TestngRunnerFile@6fa51cd4]" started-at="2024-06-22T12:12:22 IST" name="runScenario" description="Runs Cucumber Scenarios" data-provider="scenarios" finished-at="2024-06-22T12:12:40 IST" duration-ms="17928" status="PASS">
          <params>
            <param index="0">
              <value>
                <![CDATA["Login to Vtiger application with valid username and valid password."]]>
              </value>
            </param>
            <param index="1">
              <value>
                <![CDATA["Login Feature"]]>
              </value>
            </param>
          </params>
          <reporter-output>
          </reporter-output>
        </test-method> <!-- runScenario -->
        <test-method signature="runScenario(io.cucumber.testng.PickleWrapper,io.cucumber.testng.FeatureWrapper)[pri:0, instance:RunnerFile.TestngRunnerFile@6fa51cd4]" started-at="2024-06-22T12:12:22 IST" name="runScenario" description="Runs Cucumber Scenarios" data-provider="scenarios" finished-at="2024-06-22T12:12:38 IST" duration-ms="15105" status="PASS">
          <params>
            <param index="0">
              <value>
                <![CDATA["Login to vtiger application with multiple username and password"]]>
              </value>
            </param>
            <param index="1">
              <value>
                <![CDATA["Login Feature"]]>
              </value>
            </param>
          </params>
          <reporter-output>
          </reporter-output>
        </test-method> <!-- runScenario -->
        <test-method signature="runScenario(io.cucumber.testng.PickleWrapper,io.cucumber.testng.FeatureWrapper)[pri:0, instance:RunnerFile.TestngRunnerFile@6fa51cd4]" started-at="2024-06-22T12:12:22 IST" name="runScenario" description="Runs Cucumber Scenarios" data-provider="scenarios" finished-at="2024-06-22T12:12:37 IST" duration-ms="14540" status="PASS">
          <params>
            <param index="0">
              <value>
                <![CDATA["Login to vtiger application with multiple username and password"]]>
              </value>
            </param>
            <param index="1">
              <value>
                <![CDATA["Login Feature"]]>
              </value>
            </param>
          </params>
          <reporter-output>
          </reporter-output>
        </test-method> <!-- runScenario -->
        <test-method signature="runScenario(io.cucumber.testng.PickleWrapper,io.cucumber.testng.FeatureWrapper)[pri:0, instance:RunnerFile.TestngRunnerFile@6fa51cd4]" started-at="2024-06-22T12:12:22 IST" name="runScenario" description="Runs Cucumber Scenarios" data-provider="scenarios" finished-at="2024-06-22T12:12:51 IST" duration-ms="29046" status="PASS">
          <params>
            <param index="0">
              <value>
                <![CDATA["Login to vtiger application with multiple username and password"]]>
              </value>
            </param>
            <param index="1">
              <value>
                <![CDATA["Login Feature"]]>
              </value>
            </param>
          </params>
          <reporter-output>
          </reporter-output>
        </test-method> <!-- runScenario -->
        <test-method signature="runScenario(io.cucumber.testng.PickleWrapper,io.cucumber.testng.FeatureWrapper)[pri:0, instance:RunnerFile.TestngRunnerFile@6fa51cd4]" started-at="2024-06-22T12:12:22 IST" name="runScenario" description="Runs Cucumber Scenarios" data-provider="scenarios" finished-at="2024-06-22T12:12:45 IST" duration-ms="22489" status="PASS">
          <params>
            <param index="0">
              <value>
                <![CDATA["Login to vtiger application with multiple username and password"]]>
              </value>
            </param>
            <param index="1">
              <value>
                <![CDATA["Login Feature"]]>
              </value>
            </param>
          </params>
          <reporter-output>
          </reporter-output>
        </test-method> <!-- runScenario -->
        <test-method is-config="true" signature="tearDownClass()[pri:0, instance:RunnerFile.TestngRunnerFile@6fa51cd4]" started-at="2024-06-22T12:12:51 IST" name="tearDownClass" finished-at="2024-06-22T12:12:52 IST" duration-ms="80" status="PASS">
          <reporter-output>
          </reporter-output>
        </test-method> <!-- tearDownClass -->
      </class> <!-- RunnerFile.TestngRunnerFile -->
    </test> <!-- Default test -->
  </suite> <!-- Default suite -->
</testng-results>
